proguard/seeds.txt
com.kovaciny.linemonitorbot.DatabaseViewerActivity
com.kovaciny.linemonitorbot.DatabaseViewerActivity: DatabaseViewerActivity()
com.kovaciny.linemonitorbot.MainActivity
com.kovaciny.linemonitorbot.MainActivity: MainActivity()
com.kovaciny.linemonitorbot.R$array: int jobs_list
com.kovaciny.linemonitorbot.R$array: int line_list
com.kovaciny.linemonitorbot.R$array: int vibrator_durations_entries
com.kovaciny.linemonitorbot.R$array: int vibrator_durations_values
com.kovaciny.linemonitorbot.R$color: int AliceBlue
com.kovaciny.linemonitorbot.R$color: int AntiqueWhite
com.kovaciny.linemonitorbot.R$color: int Aquamarine
com.kovaciny.linemonitorbot.R$color: int Azure
com.kovaciny.linemonitorbot.R$color: int Beige
com.kovaciny.linemonitorbot.R$color: int Bisque
com.kovaciny.linemonitorbot.R$color: int BlanchedAlmond
com.kovaciny.linemonitorbot.R$color: int BlueViolet
com.kovaciny.linemonitorbot.R$color: int Brown
com.kovaciny.linemonitorbot.R$color: int BurlyWood
com.kovaciny.linemonitorbot.R$color: int CadetBlue
com.kovaciny.linemonitorbot.R$color: int Chartreuse
com.kovaciny.linemonitorbot.R$color: int Chocolate
com.kovaciny.linemonitorbot.R$color: int Coral
com.kovaciny.linemonitorbot.R$color: int CornflowerBlue
com.kovaciny.linemonitorbot.R$color: int Cornsilk
com.kovaciny.linemonitorbot.R$color: int Crimson
com.kovaciny.linemonitorbot.R$color: int DarkBlue
com.kovaciny.linemonitorbot.R$color: int DarkCyan
com.kovaciny.linemonitorbot.R$color: int DarkGoldenrod
com.kovaciny.linemonitorbot.R$color: int DarkGray
com.kovaciny.linemonitorbot.R$color: int DarkGreen
com.kovaciny.linemonitorbot.R$color: int DarkKhaki
com.kovaciny.linemonitorbot.R$color: int DarkMagenta
com.kovaciny.linemonitorbot.R$color: int DarkOliveGreen
com.kovaciny.linemonitorbot.R$color: int DarkOrange
com.kovaciny.linemonitorbot.R$color: int DarkOrchid
com.kovaciny.linemonitorbot.R$color: int DarkRed
com.kovaciny.linemonitorbot.R$dimen: int activity_horizontal_margin
com.kovaciny.linemonitorbot.R$dimen: int activity_vertical_margin
com.kovaciny.linemonitorbot.R$dimen: int fragment_divider_padding
com.kovaciny.linemonitorbot.R$dimen: int fragment_horizontal_margin
com.kovaciny.linemonitorbot.R$dimen: int fragment_vertical_margin
com.kovaciny.linemonitorbot.R$dimen: int label_row_height
com.kovaciny.linemonitorbot.R$dimen: int sheets_label_width
com.kovaciny.linemonitorbot.R$dimen: int table_column_padding
com.kovaciny.linemonitorbot.R$dimen: int up_arrow_bottom_padding
com.kovaciny.linemonitorbot.R$dimen: int up_arrow_top_padding
com.kovaciny.linemonitorbot.R$drawable: int border_rectangle
com.kovaciny.linemonitorbot.R$drawable: int calculator
com.kovaciny.linemonitorbot.R$drawable: int ic_audio_alarm_dark
com.kovaciny.linemonitorbot.R$drawable: int ic_launcher
com.kovaciny.linemonitorbot.R$drawable: int numberpicker_up_btn_holo_dark
com.kovaciny.linemonitorbot.R$drawable: int numberpicker_up_disabled_focused_holo_dark
com.kovaciny.linemonitorbot.R$drawable: int numberpicker_up_disabled_holo_dark
com.kovaciny.linemonitorbot.R$drawable: int numberpicker_up_focused_holo_dark
com.kovaciny.linemonitorbot.R$drawable: int numberpicker_up_normal_holo_dark
com.kovaciny.linemonitorbot.R$drawable: int numberpicker_up_pressed_holo_dark
com.kovaciny.linemonitorbot.R$drawable: int roll_slider120
com.kovaciny.linemonitorbot.R$drawable: int sheet_slider120
com.kovaciny.linemonitorbot.R$drawable: int table_cell_rectangle
...
android.support.v4.app.BackStackState
android.support.v4.app.BackStackState: android.os.Parcelable$Creator CREATOR
android.support.v4.app.Fragment$SavedState
android.support.v4.app.Fragment$SavedState: android.os.Parcelable$Creator CREATOR
android.support.v4.app.FragmentActivity
android.support.v4.app.FragmentActivity: FragmentActivity()
android.support.v4.app.FragmentManagerState
android.support.v4.app.FragmentManagerState: android.os.Parcelable$Creator CREATOR
android.support.v4.app.FragmentState
android.support.v4.app.FragmentState: android.os.Parcelable$Creator CREATOR
android.support.v4.app.FragmentTabHost: void setOnTabChangedListener(android.widget.TabHost$OnTabChangeListener)
android.support.v4.app.FragmentTabHost$SavedState
android.support.v4.app.FragmentTabHost$SavedState: android.os.Parcelable$Creator CREATOR
android.support.v4.content.ModernAsyncTask$Status: android.support.v4.content.ModernAsyncTask$Status[] values()
android.support.v4.content.ModernAsyncTask$Status: android.support.v4.content.ModernAsyncTask$Status valueOf(java.lang.String)
android.support.v4.view.PagerTabStrip: void setTabIndicatorColor(int)
android.support.v4.view.PagerTabStrip: void setTabIndicatorColorResource(int)
android.support.v4.view.PagerTabStrip: int getTabIndicatorColor()
android.support.v4.view.PagerTabStrip: void setTextSpacing(int)
android.support.v4.view.PagerTabStrip: void setBackgroundDrawable(android.graphics.drawable.Drawable)
android.support.v4.view.PagerTabStrip: void setBackgroundColor(int)
android.support.v4.view.PagerTabStrip: void setBackgroundResource(int)
android.support.v4.view.PagerTabStrip: void setDrawFullUnderline(boolean)
android.support.v4.view.PagerTabStrip: boolean getDrawFullUnderline()
android.support.v4.view.PagerTabStrip: int getMinHeight()
android.support.v4.view.PagerTitleStrip: void setSingleLineAllCaps(android.widget.TextView)
android.support.v4.view.PagerTitleStrip: void setTextSpacing(int)
android.support.v4.view.PagerTitleStrip: int getTextSpacing()
android.support.v4.view.PagerTitleStrip: void setNonPrimaryAlpha(float)
android.support.v4.view.PagerTitleStrip: void setTextColor(int)
android.support.v4.view.PagerTitleStrip: void setGravity(int)
android.support.v4.view.PagerTitleStrip: int getMinHeight()
android.support.v4.view.ViewPager
android.support.v4.view.ViewPager: ViewPager(android.content.Context)
android.support.v4.view.ViewPager: ViewPager(android.content.Context,android.util.AttributeSet)
android.support.v4.view.ViewPager: void setScrollState(int)
android.support.v4.view.ViewPager: void setAdapter(android.support.v4.view.PagerAdapter)
android.support.v4.view.ViewPager: android.support.v4.view.PagerAdapter getAdapter()
android.support.v4.view.ViewPager: void setOnAdapterChangeListener(android.support.v4.view.ViewPager$OnAdapterChangeListener)
android.support.v4.view.ViewPager: void setCurrentItem(int)
android.support.v4.view.ViewPager: int getCurrentItem()
android.support.v4.view.ViewPager: void setOnPageChangeListener(android.support.v4.view.ViewPager$OnPageChangeListener)
android.support.v4.view.ViewPager: void setChildrenDrawingOrderEnabledCompat(boolean)
android.support.v4.view.ViewPager: int getOffscreenPageLimit()
android.support.v4.view.ViewPager: void setOffscreenPageLimit(int)
android.support.v4.view.ViewPager: void setPageMargin(int)
android.support.v4.view.ViewPager: int getPageMargin()
android.support.v4.view.ViewPager: void setPageMarginDrawable(android.graphics.drawable.Drawable)
android.support.v4.view.ViewPager: void setPageMarginDrawable(int)
android.support.v4.view.ViewPager: void setScrollingCacheEnabled(boolean)
android.support.v4.view.ViewPager$SavedState
android.support.v4.view.ViewPager$SavedState: android.os.Parcelable$Creator CREATOR