proguard/usage.txt
com.kovaciny.linemonitorbot.BuildConfig
com.kovaciny.linemonitorbot.Job
com.kovaciny.linemonitorbot.MainActivity:
    private static final int LINE_LIST_MENU_GROUP
    private static final int LINE_LIST_ID_RANDOMIZER
    private static final int JOB_LIST_MENU_GROUP
    private static final int JOB_OPTIONS_MENU_GROUP
    public static final int POSITION_NONE
    public static final int SKID_TIMES_FRAGMENT_POSITION
    public static final int RATES_FRAGMENT_POSITION
    public static final int DRAINING_FRAGMENT_POSITION
    public static final int CALCULATOR_FRAGMENT_POSITION
    public static final boolean DEBUG
    603:605:void showDummyDialog(java.lang.String)
com.kovaciny.linemonitorbot.MyDialogFragment
com.kovaciny.linemonitorbot.R
com.kovaciny.linemonitorbot.R$array
com.kovaciny.linemonitorbot.R$attr
com.kovaciny.linemonitorbot.R$color
com.kovaciny.linemonitorbot.R$dimen
com.kovaciny.linemonitorbot.R$drawable
com.kovaciny.linemonitorbot.R$id
com.kovaciny.linemonitorbot.R$layout
com.kovaciny.linemonitorbot.R$menu
com.kovaciny.linemonitorbot.R$string
com.kovaciny.linemonitorbot.R$style
com.kovaciny.linemonitorbot.R$xml
com.kovaciny.linemonitorbot.SheetsPerMinuteDialogFragment:
    public static final java.lang.String SHEETS_MODE
    public static final java.lang.String ROLLS_MODE
com.kovaciny.linemonitorbot.SkidFinishedBroadcastReceiver:
    public static final java.lang.String ONE_TIME
    public static final java.lang.String REPEATING
com.kovaciny.linemonitorbot.SkidTimesFragment:
    private java.util.List mSkidList
    private android.widget.TextView mLbl_totalProducts
    204:204:public java.util.List getSkidList()
    208:209:public void setSkidList(java.util.List)
com.kovaciny.linemonitorbot.TimePickerFragment
com.kovaciny.linemonitorbot.ViewEventResponder
...
android.support.v4.content.ModernAsyncTask$AsyncTaskResult
android.support.v4.content.ModernAsyncTask$InternalHandler
android.support.v4.content.ModernAsyncTask$Status
android.support.v4.content.ModernAsyncTask$WorkerRunnable
android.support.v4.content.pm.ActivityInfoCompat
android.support.v4.database.DatabaseUtilsCompat
android.support.v4.net.ConnectivityManagerCompat
android.support.v4.net.ConnectivityManagerCompat$BaseConnectivityManagerCompatImpl
android.support.v4.net.ConnectivityManagerCompat$ConnectivityManagerCompatImpl
android.support.v4.net.ConnectivityManagerCompat$GingerbreadConnectivityManagerCompatImpl
android.support.v4.net.ConnectivityManagerCompat$HoneycombMR2ConnectivityManagerCompatImpl
android.support.v4.net.ConnectivityManagerCompat$JellyBeanConnectivityManagerCompatImpl
android.support.v4.net.ConnectivityManagerCompatGingerbread
android.support.v4.net.ConnectivityManagerCompatHoneycombMR2
android.support.v4.net.ConnectivityManagerCompatJellyBean
android.support.v4.net.TrafficStatsCompat
android.support.v4.net.TrafficStatsCompat$1
android.support.v4.net.TrafficStatsCompat$BaseTrafficStatsCompatImpl
android.support.v4.net.TrafficStatsCompat$BaseTrafficStatsCompatImpl$1
android.support.v4.net.TrafficStatsCompat$BaseTrafficStatsCompatImpl$SocketTags
android.support.v4.net.TrafficStatsCompat$IcsTrafficStatsCompatImpl
android.support.v4.net.TrafficStatsCompat$TrafficStatsCompatImpl
android.support.v4.net.TrafficStatsCompatIcs
android.support.v4.os.ParcelableCompat:
    26:42:public ParcelableCompat()
android.support.v4.os.ParcelableCompatCreatorHoneycombMR2Stub:
    22:22:ParcelableCompatCreatorHoneycombMR2Stub()
android.support.v4.util.AtomicFile
android.support.v4.util.DebugUtils:
    25:25:public DebugUtils()
android.support.v4.util.LongSparseArray
android.support.v4.util.LruCache
android.support.v4.util.SparseArrayCompat:
    52:52:public java.lang.Object get(int)
    60:65:public java.lang.Object get(int,java.lang.Object)
    73:81:public void delete(int)
    87:88:public void remove(int)
    94:98:public void removeAt(int)
    107:111:public void removeAtRange(int,int)
    146:190:public void put(int,java.lang.Object)
    236:241:public void setValueAt(int,java.lang.Object)
    249:253:public int indexOfKey(int)
    265:273:public int indexOfValue(java.lang.Object)
    296:323:public void append(int,java.lang.Object)
    326:342:private static int binarySearch(int[],int,int,int)
android.support.v4.util.TimeUtils
android.support.v4.view.AccessibilityDelegateCompatIcs:
    28:30:AccessibilityDelegateCompatIcs()
android.support.v4.view.AccessibilityDelegateCompatJellyBean:
    30:32:AccessibilityDelegateCompatJellyBean()
android.support.v4.view.GestureDetectorCompat
android.support.v4.view.GestureDetectorCompat$GestureDetectorCompatImpl
android.support.v4.view.GestureDetectorCompat$GestureDetectorCompatImplBase
android.support.v4.view.GestureDetectorCompat$GestureDetectorCompatImplBase$GestureHandler
android.support.v4.view.GestureDetectorCompat$GestureDetectorCompatImplJellybeanMr1
android.support.v4.view.KeyEventCompat:
    25:95:public KeyEventCompat()
    127:127:public static int normalizeMetaState(int)
    131:131:public static boolean metaStateHasModifiers(int,int)
    135:135:public static boolean metaStateHasNoModifiers(int)
android.support.v4.view.KeyEventCompat$BaseKeyEventVersionImpl:
    private static final int META_MODIFIER_MASK
    private static final int META_ALL_MASK
android.support.v4.view.KeyEventCompat$HoneycombKeyEventVersionImpl:
    98:98:public int normalizeMetaState(int)
android.support.v4.view.KeyEventCompat$KeyEventVersionImpl:
    public abstract int normalizeMetaState(int)
android.support.v4.view.KeyEventCompatHoneycomb:
    24:24:KeyEventCompatHoneycomb()
    26:26:public static int normalizeMetaState(int)
android.support.v4.view.MenuCompat
android.support.v4.view.MenuCompat$BaseMenuVersionImpl